::1 - - [28/May/2024:16:27:09 +0000] "GET /api/users/query?email=ashish.pal.cerelabs@gmail.com HTTP/1.1" 500 68
::1 - - [28/May/2024:16:27:12 +0000] "GET /api/users/query?email=ashish.pal.cerelabs@gmail.com HTTP/1.1" 500 68
::1 - - [28/May/2024:16:36:48 +0000] "GET /api/users/query?email=aashishpal50@gmail.com HTTP/1.1" 500 68
::1 - - [28/May/2024:16:36:51 +0000] "POST /api/users HTTP/1.1" 500 68
::1 - - [28/May/2024:16:36:55 +0000] "GET /api/users/query?email=aashishpal50@gmail.com HTTP/1.1" 500 68
::1 - - [28/May/2024:16:36:58 +0000] "POST /api/users HTTP/1.1" 500 68
::1 - - [28/May/2024:16:37:04 +0000] "GET /api/users/query?email=aashishpal50@gmail.com HTTP/1.1" 500 68
::1 - - [28/May/2024:16:37:07 +0000] "GET /api/users/query?email=aashishpal50@gmail.com HTTP/1.1" 500 68
::1 - - [28/May/2024:16:37:17 +0000] "GET /api/projects/query?userId=NaN&sortBy=createdAt&sortOrder=desc HTTP/1.1" 500 68
::1 - - [28/May/2024:16:40:00 +0000] "GET /api/users/query?email=aashishpal50@gmail.com HTTP/1.1" 200 218
::1 - - [28/May/2024:16:40:05 +0000] "GET /api/projects/query?userId=NaN&sortBy=createdAt&sortOrder=desc HTTP/1.1" 500 68
::1 - - [28/May/2024:16:40:09 +0000] "GET /api/users/query?email=aashishpal50@gmail.com HTTP/1.1" 200 218
::1 - - [28/May/2024:16:40:10 +0000] "GET /api/users/query?email=aashishpal50@gmail.com HTTP/1.1" 200 218
::1 - - [28/May/2024:16:40:31 +0000] "GET /api/users/query?email=aashishpal50@gmail.com HTTP/1.1" 200 218
::1 - - [28/May/2024:16:40:36 +0000] "GET /api/users/query?email=aashishpal50@gmail.com HTTP/1.1" 200 218
::1 - - [28/May/2024:16:40:36 +0000] "GET /api/users/query?email=aashishpal50@gmail.com HTTP/1.1" 200 218
::1 - - [28/May/2024:16:40:52 +0000] "GET /api/users/query?email=aashishpal50@gmail.com HTTP/1.1" 200 218
::1 - - [28/May/2024:16:41:35 +0000] "GET /api/users/query?email=aashishpal50@gmail.com HTTP/1.1" 200 218
::1 - - [28/May/2024:16:41:43 +0000] "GET /api/users/query?email=aashishpal50@gmail.com HTTP/1.1" 500 68
::1 - - [28/May/2024:16:42:18 +0000] "GET /api/users/query?email=aashishpal50@gmail.com HTTP/1.1" 500 68
::1 - - [28/May/2024:16:46:57 +0000] "GET /api/users/query?email=aashishpal50@gmail.com HTTP/1.1" 200 26
::1 - - [28/May/2024:16:46:57 +0000] "POST /api/users HTTP/1.1" 201 295
::1 - - [28/May/2024:16:47:01 +0000] "GET /api/users/query?email=aashishpal50@gmail.com HTTP/1.1" 200 297
::1 - - [28/May/2024:16:47:01 +0000] "GET /api/users/query?email=aashishpal50@gmail.com HTTP/1.1" 200 297
::1 - - [28/May/2024:16:47:12 +0000] "GET /api/projects/query?userId=1&sortBy=createdAt&sortOrder=desc HTTP/1.1" 200 26
::1 - - [28/May/2024:16:48:06 +0000] "POST /api/projects HTTP/1.1" 201 269
::1 - - [28/May/2024:16:49:06 +0000] "POST /api/files/upload HTTP/1.1" 201 301
::1 - - [28/May/2024:16:49:07 +0000] "PATCH /api/projects/1 HTTP/1.1" 200 266
::1 - - [28/May/2024:16:50:18 +0000] "GET /api/users/query?email=aashishpal50@gmail.com HTTP/1.1" 200 297
::1 - - [28/May/2024:16:51:01 +0000] "GET /api/users/query?email=aashishpal50@gmail.com HTTP/1.1" 200 297
::1 - - [28/May/2024:16:52:36 +0000] "GET /api/users/query?email=aashishpal50@gmail.com HTTP/1.1" 500 68
::1 - - [28/May/2024:16:55:37 +0000] "GET /api/users/query?email=aashishpal50@gmail.com HTTP/1.1" 500 68
::1 - - [28/May/2024:16:55:37 +0000] "POST /api/users HTTP/1.1" 500 68
::1 - - [28/May/2024:16:55:41 +0000] "GET /api/users/query?email=aashishpal50@gmail.com HTTP/1.1" 500 68
::1 - - [28/May/2024:16:55:41 +0000] "GET /api/users/query?email=aashishpal50@gmail.com HTTP/1.1" 500 68
::1 - - [28/May/2024:16:55:54 +0000] "GET /api/projects/query?userId=NaN&sortBy=createdAt&sortOrder=desc HTTP/1.1" 500 68
::1 - - [28/May/2024:16:57:16 +0000] "GET /api/projects/query?userId=NaN&sortBy=createdAt&sortOrder=desc HTTP/1.1" 500 68
::1 - - [28/May/2024:16:57:20 +0000] "GET /api/users/query?email=aashishpal50@gmail.com HTTP/1.1" 200 26
::1 - - [28/May/2024:16:57:20 +0000] "GET /api/users/query?email=aashishpal50@gmail.com HTTP/1.1" 200 26
::1 - - [28/May/2024:16:57:37 +0000] "GET /api/users/query?email=temp.11.mail.09@gmail.com HTTP/1.1" 200 26
::1 - - [28/May/2024:16:57:37 +0000] "POST /api/users HTTP/1.1" 201 294
::1 - - [28/May/2024:16:57:39 +0000] "GET /api/users/query?email=temp.11.mail.09@gmail.com HTTP/1.1" 200 296
::1 - - [28/May/2024:16:57:39 +0000] "GET /api/users/query?email=temp.11.mail.09@gmail.com HTTP/1.1" 200 296
::1 - - [28/May/2024:16:58:45 +0000] "GET /api/users/query?email=temp.11.mail.09@gmail.com HTTP/1.1" 200 296
::1 - - [28/May/2024:17:00:01 +0000] "GET /api/users/query?email=aashishpal50@gmail.com HTTP/1.1" 200 26
::1 - - [28/May/2024:17:00:01 +0000] "POST /api/users HTTP/1.1" 201 295
::1 - - [28/May/2024:17:00:05 +0000] "GET /api/users/query?email=aashishpal50@gmail.com HTTP/1.1" 200 297
::1 - - [28/May/2024:17:00:05 +0000] "GET /api/users/query?email=aashishpal50@gmail.com HTTP/1.1" 200 297
::1 - - [28/May/2024:17:00:24 +0000] "GET /api/projects/query?userId=2&sortBy=createdAt&sortOrder=desc HTTP/1.1" 200 26
::1 - - [28/May/2024:17:00:27 +0000] "GET /api/projects/query?userId=2&sortBy=createdAt&sortOrder=desc HTTP/1.1" 200 26
::1 - - [28/May/2024:17:00:30 +0000] "GET /api/projects/query?userId=2&sortBy=createdAt&sortOrder=desc HTTP/1.1" 200 26
::1 - - [28/May/2024:17:00:33 +0000] "GET /api/projects/query?userId=2&sortBy=createdAt&sortOrder=desc HTTP/1.1" 200 26
::1 - - [28/May/2024:17:00:37 +0000] "GET /api/projects/query?userId=2&sortBy=createdAt&sortOrder=desc HTTP/1.1" 200 26
::1 - - [28/May/2024:17:00:40 +0000] "GET /api/projects/query?userId=2&sortBy=createdAt&sortOrder=desc HTTP/1.1" 200 26
::1 - - [28/May/2024:17:00:43 +0000] "GET /api/projects/query?userId=2&sortBy=createdAt&sortOrder=desc HTTP/1.1" 200 26
::1 - - [28/May/2024:17:00:45 +0000] "GET /api/users/query?email=aashishpal50@gmail.com HTTP/1.1" 200 297
::1 - - [28/May/2024:17:00:45 +0000] "GET /api/projects/query?userId=2&sortBy=createdAt&sortOrder=desc HTTP/1.1" 200 26
::1 - - [28/May/2024:17:00:49 +0000] "GET /api/projects/query?userId=2&sortBy=createdAt&sortOrder=desc HTTP/1.1" 200 26
::1 - - [28/May/2024:17:00:52 +0000] "GET /api/projects/query?userId=2&sortBy=createdAt&sortOrder=desc HTTP/1.1" 200 26
::1 - - [28/May/2024:17:00:55 +0000] "GET /api/projects/query?userId=2&sortBy=createdAt&sortOrder=desc HTTP/1.1" 200 26
::1 - - [28/May/2024:17:00:58 +0000] "GET /api/projects/query?userId=2&sortBy=createdAt&sortOrder=desc HTTP/1.1" 200 26
::1 - - [28/May/2024:17:01:01 +0000] "GET /api/projects/query?userId=2&sortBy=createdAt&sortOrder=desc HTTP/1.1" 200 26
::1 - - [28/May/2024:17:01:04 +0000] "GET /api/projects/query?userId=2&sortBy=createdAt&sortOrder=desc HTTP/1.1" 200 26
::1 - - [28/May/2024:17:01:07 +0000] "GET /api/projects/query?userId=2&sortBy=createdAt&sortOrder=desc HTTP/1.1" 200 26
::1 - - [28/May/2024:17:01:10 +0000] "GET /api/projects/query?userId=2&sortBy=createdAt&sortOrder=desc HTTP/1.1" 200 26
::1 - - [28/May/2024:17:01:13 +0000] "GET /api/projects/query?userId=2&sortBy=createdAt&sortOrder=desc HTTP/1.1" 200 26
::1 - - [28/May/2024:17:01:16 +0000] "GET /api/projects/query?userId=2&sortBy=createdAt&sortOrder=desc HTTP/1.1" 200 26
::1 - - [28/May/2024:17:08:14 +0000] "GET /api/users/query?email=aashishpal50@gmail.com HTTP/1.1" 200 26
::1 - - [28/May/2024:17:08:15 +0000] "POST /api/users HTTP/1.1" 201 295
::1 - - [28/May/2024:17:08:18 +0000] "GET /api/users/query?email=aashishpal50@gmail.com HTTP/1.1" 200 297
::1 - - [28/May/2024:17:08:18 +0000] "GET /api/users/query?email=aashishpal50@gmail.com HTTP/1.1" 200 297
::1 - - [28/May/2024:17:09:29 +0000] "POST /api/projects HTTP/1.1" 201 251
::1 - - [28/May/2024:17:09:39 +0000] "POST /api/files/upload HTTP/1.1" 201 311
::1 - - [28/May/2024:17:09:40 +0000] "PATCH /api/projects/1 HTTP/1.1" 200 248
::1 - - [28/May/2024:17:10:08 +0000] "GET /api/users/query?email=aashishpal50@gmail.com HTTP/1.1" 200 297
::1 - - [28/May/2024:17:11:07 +0000] "GET /api/users/query?email=aashishpal50@gmail.com HTTP/1.1" 200 297
::1 - - [28/May/2024:17:11:17 +0000] "GET /api/users/query?email=aashishpal50@gmail.com HTTP/1.1" 200 297
::1 - - [28/May/2024:17:11:17 +0000] "GET /api/users/query?email=aashishpal50@gmail.com HTTP/1.1" 200 297
::1 - - [28/May/2024:17:11:26 +0000] "GET /api/projects/query?userId=1&sortBy=createdAt&sortOrder=desc HTTP/1.1" 200 283
::1 - - [28/May/2024:17:11:26 +0000] "GET /api/projects/query?userId=1&sortBy=createdAt&sortOrder=desc HTTP/1.1" 200 283
::1 - - [28/May/2024:17:11:28 +0000] "GET /api/users/query?email=aashishpal50@gmail.com HTTP/1.1" 200 297
::1 - - [28/May/2024:17:11:28 +0000] "GET /api/users/query?email=aashishpal50@gmail.com HTTP/1.1" 200 297
::1 - - [28/May/2024:17:11:34 +0000] "GET /api/projects/query?userId=1&sortBy=createdAt&sortOrder=desc HTTP/1.1" 200 283
::1 - - [28/May/2024:17:11:36 +0000] "GET /api/projects/query?userId=1&sortBy=createdAt&sortOrder=desc HTTP/1.1" 200 283
::1 - - [28/May/2024:17:11:39 +0000] "GET /api/projects/query?userId=1&sortBy=createdAt&sortOrder=desc HTTP/1.1" 200 283
::1 - - [28/May/2024:17:11:42 +0000] "GET /api/projects/query?userId=1&sortBy=createdAt&sortOrder=desc HTTP/1.1" 200 283
::1 - - [28/May/2024:17:11:45 +0000] "GET /api/projects/query?userId=1&sortBy=createdAt&sortOrder=desc HTTP/1.1" 200 283
::1 - - [28/May/2024:17:11:48 +0000] "GET /api/projects/query?userId=1&sortBy=createdAt&sortOrder=desc HTTP/1.1" 200 283
::1 - - [28/May/2024:17:11:51 +0000] "GET /api/projects/query?userId=1&sortBy=createdAt&sortOrder=desc HTTP/1.1" 200 283
::1 - - [28/May/2024:17:11:54 +0000] "GET /api/projects/query?userId=1&sortBy=createdAt&sortOrder=desc HTTP/1.1" 200 283
::1 - - [28/May/2024:17:11:57 +0000] "GET /api/projects/query?userId=1&sortBy=createdAt&sortOrder=desc HTTP/1.1" 200 283
::1 - - [28/May/2024:17:12:00 +0000] "GET /api/projects/query?userId=1&sortBy=createdAt&sortOrder=desc HTTP/1.1" 200 283
::1 - - [28/May/2024:17:12:03 +0000] "GET /api/projects/query?userId=1&sortBy=createdAt&sortOrder=desc HTTP/1.1" 200 283
::1 - - [28/May/2024:17:12:06 +0000] "GET /api/projects/query?userId=1&sortBy=createdAt&sortOrder=desc HTTP/1.1" 200 283
::1 - - [28/May/2024:17:12:09 +0000] "GET /api/projects/query?userId=1&sortBy=createdAt&sortOrder=desc HTTP/1.1" 200 283
::1 - - [28/May/2024:17:12:12 +0000] "GET /api/projects/query?userId=1&sortBy=createdAt&sortOrder=desc HTTP/1.1" 200 283
::1 - - [28/May/2024:17:12:15 +0000] "GET /api/projects/query?userId=1&sortBy=createdAt&sortOrder=desc HTTP/1.1" 200 283
::1 - - [28/May/2024:17:12:18 +0000] "GET /api/projects/query?userId=1&sortBy=createdAt&sortOrder=desc HTTP/1.1" 200 283
::1 - - [28/May/2024:17:12:21 +0000] "GET /api/projects/query?userId=1&sortBy=createdAt&sortOrder=desc HTTP/1.1" 200 283
::1 - - [28/May/2024:17:12:24 +0000] "GET /api/projects/query?userId=1&sortBy=createdAt&sortOrder=desc HTTP/1.1" 200 283
::1 - - [28/May/2024:17:12:27 +0000] "GET /api/projects/query?userId=1&sortBy=createdAt&sortOrder=desc HTTP/1.1" 200 283
::1 - - [28/May/2024:17:12:30 +0000] "GET /api/projects/query?userId=1&sortBy=createdAt&sortOrder=desc HTTP/1.1" 200 283
::1 - - [28/May/2024:17:12:33 +0000] "GET /api/projects/query?userId=1&sortBy=createdAt&sortOrder=desc HTTP/1.1" 200 283
::1 - - [28/May/2024:17:12:36 +0000] "GET /api/projects/query?userId=1&sortBy=createdAt&sortOrder=desc HTTP/1.1" 200 283
::1 - - [28/May/2024:17:12:39 +0000] "GET /api/projects/query?userId=1&sortBy=createdAt&sortOrder=desc HTTP/1.1" 200 283
::1 - - [28/May/2024:17:12:42 +0000] "GET /api/projects/query?userId=1&sortBy=createdAt&sortOrder=desc HTTP/1.1" 200 283
::1 - - [28/May/2024:17:12:45 +0000] "GET /api/projects/query?userId=1&sortBy=createdAt&sortOrder=desc HTTP/1.1" 200 283
::1 - - [28/May/2024:17:12:48 +0000] "GET /api/projects/query?userId=1&sortBy=createdAt&sortOrder=desc HTTP/1.1" 200 283
::1 - - [28/May/2024:17:12:51 +0000] "GET /api/projects/query?userId=1&sortBy=createdAt&sortOrder=desc HTTP/1.1" 200 283
::1 - - [28/May/2024:17:12:54 +0000] "GET /api/projects/query?userId=1&sortBy=createdAt&sortOrder=desc HTTP/1.1" 200 283
::1 - - [28/May/2024:17:12:57 +0000] "GET /api/projects/query?userId=1&sortBy=createdAt&sortOrder=desc HTTP/1.1" 200 283
::1 - - [28/May/2024:17:13:00 +0000] "GET /api/projects/query?userId=1&sortBy=createdAt&sortOrder=desc HTTP/1.1" 200 283
::1 - - [28/May/2024:17:13:03 +0000] "GET /api/projects/query?userId=1&sortBy=createdAt&sortOrder=desc HTTP/1.1" 200 283
::1 - - [28/May/2024:17:13:06 +0000] "GET /api/projects/query?userId=1&sortBy=createdAt&sortOrder=desc HTTP/1.1" 200 283
::1 - - [28/May/2024:17:13:09 +0000] "GET /api/projects/query?userId=1&sortBy=createdAt&sortOrder=desc HTTP/1.1" 200 283
::1 - - [28/May/2024:17:13:12 +0000] "GET /api/projects/query?userId=1&sortBy=createdAt&sortOrder=desc HTTP/1.1" 200 283
::1 - - [28/May/2024:17:13:15 +0000] "GET /api/projects/query?userId=1&sortBy=createdAt&sortOrder=desc HTTP/1.1" 200 283
::1 - - [28/May/2024:17:13:18 +0000] "GET /api/projects/query?userId=1&sortBy=createdAt&sortOrder=desc HTTP/1.1" 200 283
::1 - - [28/May/2024:17:13:22 +0000] "GET /api/projects/query?userId=1&sortBy=createdAt&sortOrder=desc HTTP/1.1" 200 283
::1 - - [28/May/2024:17:13:22 +0000] "GET /api/chats/query?projectId=1&userId=1 HTTP/1.1" 200 26
::1 - - [28/May/2024:17:13:22 +0000] "POST /api/chats HTTP/1.1" 201 135
::1 - - [28/May/2024:17:13:22 +0000] "GET /api/messages/query?chatId=1 HTTP/1.1" 200 26
::1 - - [28/May/2024:17:13:31 +0000] "POST /api/messages HTTP/1.1" 201 177
::1 - - [28/May/2024:17:13:32 +0000] "POST /api/query/qdranttextsearch HTTP/1.1" 200 26
::1 - - [28/May/2024:17:13:33 +0000] "POST /api/query/prompt HTTP/1.1" 200 77
::1 - - [28/May/2024:17:13:33 +0000] "PATCH /api/messages/1 HTTP/1.1" 200 226
::1 - - [28/May/2024:17:13:51 +0000] "POST /api/messages HTTP/1.1" 201 188
::1 - - [28/May/2024:17:13:51 +0000] "POST /api/query/qdranttextsearch HTTP/1.1" 200 26
::1 - - [28/May/2024:17:13:53 +0000] "POST /api/query/prompt HTTP/1.1" 200 220
::1 - - [28/May/2024:17:13:53 +0000] "PATCH /api/messages/2 HTTP/1.1" 200 380
::1 - - [28/May/2024:17:14:17 +0000] "POST /api/messages HTTP/1.1" 201 198
::1 - - [28/May/2024:17:14:19 +0000] "POST /api/query/qdranttextsearch HTTP/1.1" 200 26
::1 - - [28/May/2024:17:14:20 +0000] "POST /api/query/prompt HTTP/1.1" 200 193
::1 - - [28/May/2024:17:14:20 +0000] "PATCH /api/messages/3 HTTP/1.1" 200 363
::1 - - [28/May/2024:17:14:45 +0000] "POST /api/messages HTTP/1.1" 201 190
::1 - - [28/May/2024:17:14:46 +0000] "POST /api/query/qdranttextsearch HTTP/1.1" 200 26
::1 - - [28/May/2024:17:14:47 +0000] "POST /api/query/prompt HTTP/1.1" 200 96
::1 - - [28/May/2024:17:14:47 +0000] "PATCH /api/messages/4 HTTP/1.1" 200 258
::1 - - [28/May/2024:17:15:24 +0000] "POST /api/messages HTTP/1.1" 201 192
::1 - - [28/May/2024:17:15:25 +0000] "POST /api/query/qdranttextsearch HTTP/1.1" 200 26
::1 - - [28/May/2024:17:15:27 +0000] "POST /api/query/prompt HTTP/1.1" 200 216
::1 - - [28/May/2024:17:15:27 +0000] "PATCH /api/messages/5 HTTP/1.1" 200 380
::1 - - [28/May/2024:17:16:38 +0000] "GET /api/users/query?email=aashishpal50@gmail.com HTTP/1.1" 200 297
::1 - - [28/May/2024:17:18:42 +0000] "GET /api/users/query?email=aashishpal50@gmail.com HTTP/1.1" 200 297
::1 - - [28/May/2024:17:18:46 +0000] "GET /api/projects/query?userId=1&sortBy=createdAt&sortOrder=desc HTTP/1.1" 200 283
::1 - - [28/May/2024:17:18:49 +0000] "GET /api/projects/query?userId=1&sortBy=createdAt&sortOrder=desc HTTP/1.1" 200 283
::1 - - [28/May/2024:17:18:52 +0000] "GET /api/projects/query?userId=1&sortBy=createdAt&sortOrder=desc HTTP/1.1" 200 283
::1 - - [28/May/2024:17:18:55 +0000] "GET /api/projects/query?userId=1&sortBy=createdAt&sortOrder=desc HTTP/1.1" 200 283
::1 - - [28/May/2024:17:18:58 +0000] "GET /api/projects/query?userId=1&sortBy=createdAt&sortOrder=desc HTTP/1.1" 200 283
::1 - - [28/May/2024:17:19:01 +0000] "GET /api/projects/query?userId=1&sortBy=createdAt&sortOrder=desc HTTP/1.1" 200 283
::1 - - [28/May/2024:17:19:04 +0000] "GET /api/projects/query?userId=1&sortBy=createdAt&sortOrder=desc HTTP/1.1" 200 283
::1 - - [28/May/2024:17:19:07 +0000] "GET /api/projects/query?userId=1&sortBy=createdAt&sortOrder=desc HTTP/1.1" 200 283
::1 - - [28/May/2024:17:19:08 +0000] "POST /api/projects HTTP/1.1" 201 237
::1 - - [28/May/2024:17:19:11 +0000] "POST /api/files/upload HTTP/1.1" 201 311
::1 - - [28/May/2024:17:19:12 +0000] "GET /api/projects/query?userId=1&sortBy=createdAt&sortOrder=desc HTTP/1.1" 200 497
::1 - - [28/May/2024:17:19:13 +0000] "PATCH /api/projects/2 HTTP/1.1" 200 234
::1 - - [28/May/2024:17:19:41 +0000] "GET /api/projects/query?userId=1&sortBy=createdAt&sortOrder=desc HTTP/1.1" 200 528
::1 - - [28/May/2024:17:19:41 +0000] "GET /api/projects/query?userId=1&sortBy=createdAt&sortOrder=desc HTTP/1.1" 200 528
::1 - - [28/May/2024:17:19:41 +0000] "GET /api/projects/query?userId=1&sortBy=createdAt&sortOrder=desc HTTP/1.1" 200 528
::1 - - [28/May/2024:17:19:41 +0000] "GET /api/projects/query?userId=1&sortBy=createdAt&sortOrder=desc HTTP/1.1" 200 528
::1 - - [28/May/2024:17:19:41 +0000] "GET /api/projects/query?userId=1&sortBy=createdAt&sortOrder=desc HTTP/1.1" 200 528
::1 - - [28/May/2024:17:19:41 +0000] "GET /api/projects/query?userId=1&sortBy=createdAt&sortOrder=desc HTTP/1.1" 200 528
::1 - - [28/May/2024:17:19:41 +0000] "GET /api/projects/query?userId=1&sortBy=createdAt&sortOrder=desc HTTP/1.1" 200 528
::1 - - [28/May/2024:17:19:41 +0000] "GET /api/projects/query?userId=1&sortBy=createdAt&sortOrder=desc HTTP/1.1" 200 528
::1 - - [28/May/2024:17:19:44 +0000] "GET /api/projects/query?userId=1&sortBy=createdAt&sortOrder=desc HTTP/1.1" 200 527
::1 - - [28/May/2024:17:19:47 +0000] "GET /api/projects/query?userId=1&sortBy=createdAt&sortOrder=desc HTTP/1.1" 200 527
::1 - - [28/May/2024:17:19:50 +0000] "GET /api/projects/query?userId=1&sortBy=createdAt&sortOrder=desc HTTP/1.1" 200 527
::1 - - [28/May/2024:17:19:53 +0000] "GET /api/projects/query?userId=1&sortBy=createdAt&sortOrder=desc HTTP/1.1" 200 527
::1 - - [28/May/2024:17:19:56 +0000] "GET /api/projects/query?userId=1&sortBy=createdAt&sortOrder=desc HTTP/1.1" 200 527
::1 - - [28/May/2024:17:21:08 +0000] "GET /api/users/query?email=ashish.pal.cerelabs@gmail.com HTTP/1.1" 200 26
::1 - - [28/May/2024:17:21:08 +0000] "POST /api/users HTTP/1.1" 201 300
::1 - - [28/May/2024:17:21:12 +0000] "GET /api/users/query?email=ashish.pal.cerelabs@gmail.com HTTP/1.1" 200 302
::1 - - [28/May/2024:17:21:12 +0000] "GET /api/users/query?email=ashish.pal.cerelabs@gmail.com HTTP/1.1" 200 302
::1 - - [28/May/2024:17:21:44 +0000] "GET /api/projects/query?userId=2&sortBy=createdAt&sortOrder=desc HTTP/1.1" 200 26
::1 - - [28/May/2024:17:21:47 +0000] "GET /api/projects/query?userId=2&sortBy=createdAt&sortOrder=desc HTTP/1.1" 200 26
::1 - - [28/May/2024:17:21:50 +0000] "GET /api/projects/query?userId=2&sortBy=createdAt&sortOrder=desc HTTP/1.1" 200 26
::1 - - [28/May/2024:17:21:53 +0000] "GET /api/projects/query?userId=2&sortBy=createdAt&sortOrder=desc HTTP/1.1" 200 26
::1 - - [28/May/2024:17:21:56 +0000] "GET /api/projects/query?userId=2&sortBy=createdAt&sortOrder=desc HTTP/1.1" 200 26
::1 - - [28/May/2024:17:21:57 +0000] "GET /api/users/query?email=ashish.pal.cerelabs@gmail.com HTTP/1.1" 200 302
::1 - - [28/May/2024:17:21:59 +0000] "GET /api/projects/query?userId=2&sortBy=createdAt&sortOrder=desc HTTP/1.1" 200 26
::1 - - [28/May/2024:17:22:02 +0000] "GET /api/projects/query?userId=2&sortBy=createdAt&sortOrder=desc HTTP/1.1" 200 26
::1 - - [28/May/2024:17:22:05 +0000] "GET /api/projects/query?userId=2&sortBy=createdAt&sortOrder=desc HTTP/1.1" 200 26
::1 - - [28/May/2024:17:22:08 +0000] "GET /api/projects/query?userId=2&sortBy=createdAt&sortOrder=desc HTTP/1.1" 200 26
::1 - - [28/May/2024:17:22:11 +0000] "GET /api/projects/query?userId=2&sortBy=createdAt&sortOrder=desc HTTP/1.1" 200 26
::1 - - [28/May/2024:17:22:14 +0000] "GET /api/projects/query?userId=2&sortBy=createdAt&sortOrder=desc HTTP/1.1" 200 26
::1 - - [28/May/2024:17:22:17 +0000] "GET /api/projects/query?userId=2&sortBy=createdAt&sortOrder=desc HTTP/1.1" 200 26
::1 - - [28/May/2024:17:22:20 +0000] "GET /api/projects/query?userId=2&sortBy=createdAt&sortOrder=desc HTTP/1.1" 200 26
::1 - - [28/May/2024:17:22:23 +0000] "GET /api/projects/query?userId=2&sortBy=createdAt&sortOrder=desc HTTP/1.1" 200 26
::1 - - [28/May/2024:17:22:26 +0000] "GET /api/projects/query?userId=2&sortBy=createdAt&sortOrder=desc HTTP/1.1" 200 26
::1 - - [28/May/2024:17:22:29 +0000] "GET /api/projects/query?userId=2&sortBy=createdAt&sortOrder=desc HTTP/1.1" 200 26
::1 - - [28/May/2024:17:22:30 +0000] "GET /api/users/query?email=ashish.pal.cerelabs@gmail.com HTTP/1.1" 200 302
::1 - - [28/May/2024:17:22:32 +0000] "GET /api/projects/query?userId=2&sortBy=createdAt&sortOrder=desc HTTP/1.1" 200 26
::1 - - [28/May/2024:17:22:34 +0000] "GET /api/users/query?email=ashish.pal.cerelabs@gmail.com HTTP/1.1" 200 302
::1 - - [28/May/2024:17:22:35 +0000] "GET /api/users/query?email=ashish.pal.cerelabs@gmail.com HTTP/1.1" 200 302
::1 - - [28/May/2024:17:23:01 +0000] "GET /api/users/query?email=ashish.pal.cerelabs@gmail.com HTTP/1.1" 200 302
::1 - - [28/May/2024:17:23:01 +0000] "GET /api/users/query?email=ashish.pal.cerelabs@gmail.com HTTP/1.1" 200 302
::1 - - [28/May/2024:17:23:22 +0000] "GET /api/users/query?email=ashish.pal.cerelabs@gmail.com HTTP/1.1" 200 302
::1 - - [28/May/2024:17:24:19 +0000] "GET /api/users/query?email=ashish.pal.cerelabs@gmail.com HTTP/1.1" 200 302
::1 - - [28/May/2024:17:24:23 +0000] "GET /api/users/query?email=ashish.pal.cerelabs@gmail.com HTTP/1.1" 200 302
::1 - - [28/May/2024:17:24:23 +0000] "GET /api/users/query?email=ashish.pal.cerelabs@gmail.com HTTP/1.1" 200 302
::1 - - [28/May/2024:17:25:17 +0000] "POST /api/projects HTTP/1.1" 201 225
::1 - - [28/May/2024:17:25:20 +0000] "POST /api/files/upload HTTP/1.1" 201 311
::1 - - [28/May/2024:17:25:22 +0000] "PATCH /api/projects/3 HTTP/1.1" 200 222
::1 - - [28/May/2024:17:25:35 +0000] "GET /api/projects/query?userId=2&sortBy=createdAt&sortOrder=desc HTTP/1.1" 200 224
::1 - - [28/May/2024:17:25:37 +0000] "GET /api/users/query?email=ashish.pal.cerelabs@gmail.com HTTP/1.1" 200 302
::1 - - [28/May/2024:17:25:37 +0000] "GET /api/users/query?email=ashish.pal.cerelabs@gmail.com HTTP/1.1" 200 302
::1 - - [28/May/2024:17:25:43 +0000] "GET /api/projects/query?userId=2&sortBy=createdAt&sortOrder=desc HTTP/1.1" 200 257
::1 - - [28/May/2024:17:25:46 +0000] "GET /api/projects/query?userId=2&sortBy=createdAt&sortOrder=desc HTTP/1.1" 200 257
::1 - - [28/May/2024:17:25:49 +0000] "GET /api/projects/query?userId=2&sortBy=createdAt&sortOrder=desc HTTP/1.1" 200 257
::1 - - [28/May/2024:17:25:52 +0000] "GET /api/projects/query?userId=2&sortBy=createdAt&sortOrder=desc HTTP/1.1" 200 257
::1 - - [28/May/2024:17:25:55 +0000] "GET /api/projects/query?userId=2&sortBy=createdAt&sortOrder=desc HTTP/1.1" 200 257
::1 - - [28/May/2024:17:25:58 +0000] "GET /api/projects/query?userId=2&sortBy=createdAt&sortOrder=desc HTTP/1.1" 200 257
::1 - - [28/May/2024:17:26:01 +0000] "GET /api/projects/query?userId=2&sortBy=createdAt&sortOrder=desc HTTP/1.1" 200 257
::1 - - [28/May/2024:17:26:04 +0000] "GET /api/projects/query?userId=2&sortBy=createdAt&sortOrder=desc HTTP/1.1" 200 257
::1 - - [28/May/2024:17:26:07 +0000] "GET /api/projects/query?userId=2&sortBy=createdAt&sortOrder=desc HTTP/1.1" 200 257
::1 - - [28/May/2024:17:26:10 +0000] "GET /api/projects/query?userId=2&sortBy=createdAt&sortOrder=desc HTTP/1.1" 200 257
::1 - - [28/May/2024:17:26:13 +0000] "GET /api/projects/query?userId=2&sortBy=createdAt&sortOrder=desc HTTP/1.1" 200 257
::1 - - [28/May/2024:17:26:16 +0000] "GET /api/projects/query?userId=2&sortBy=createdAt&sortOrder=desc HTTP/1.1" 200 257
::1 - - [28/May/2024:17:26:19 +0000] "GET /api/projects/query?userId=2&sortBy=createdAt&sortOrder=desc HTTP/1.1" 200 257
::1 - - [28/May/2024:17:26:22 +0000] "GET /api/projects/query?userId=2&sortBy=createdAt&sortOrder=desc HTTP/1.1" 200 257
::1 - - [28/May/2024:17:26:25 +0000] "GET /api/projects/query?userId=2&sortBy=createdAt&sortOrder=desc HTTP/1.1" 200 257
::1 - - [28/May/2024:17:26:28 +0000] "GET /api/projects/query?userId=2&sortBy=createdAt&sortOrder=desc HTTP/1.1" 200 257
::1 - - [28/May/2024:17:26:31 +0000] "GET /api/projects/query?userId=2&sortBy=createdAt&sortOrder=desc HTTP/1.1" 200 257
::1 - - [28/May/2024:17:26:33 +0000] "GET /api/chats/query?projectId=3&userId=2 HTTP/1.1" 200 26
::1 - - [28/May/2024:17:26:33 +0000] "POST /api/chats HTTP/1.1" 201 135
::1 - - [28/May/2024:17:26:33 +0000] "GET /api/messages/query?chatId=2 HTTP/1.1" 200 26
::1 - - [28/May/2024:17:26:38 +0000] "POST /api/messages HTTP/1.1" 201 177
::1 - - [28/May/2024:17:26:39 +0000] "POST /api/query/qdranttextsearch HTTP/1.1" 200 26
::1 - - [28/May/2024:17:26:40 +0000] "POST /api/chats HTTP/1.1" 201 135
::1 - - [28/May/2024:17:26:40 +0000] "GET /api/messages/query?chatId=3 HTTP/1.1" 200 26
::1 - - [28/May/2024:17:26:41 +0000] "POST /api/query/prompt HTTP/1.1" 200 81
::1 - - [28/May/2024:17:26:41 +0000] "PATCH /api/messages/6 HTTP/1.1" 200 230
::1 - - [28/May/2024:17:27:00 +0000] "POST /api/messages HTTP/1.1" 201 188
::1 - - [28/May/2024:17:27:00 +0000] "POST /api/query/qdranttextsearch HTTP/1.1" 200 26
::1 - - [28/May/2024:17:27:02 +0000] "POST /api/query/prompt HTTP/1.1" 200 235
::1 - - [28/May/2024:17:27:02 +0000] "PATCH /api/messages/7 HTTP/1.1" 200 395
::1 - - [28/May/2024:17:27:23 +0000] "POST /api/messages HTTP/1.1" 201 197
::1 - - [28/May/2024:17:27:24 +0000] "POST /api/query/qdranttextsearch HTTP/1.1" 200 26
::1 - - [28/May/2024:17:27:26 +0000] "POST /api/query/prompt HTTP/1.1" 200 196
::1 - - [28/May/2024:17:27:26 +0000] "PATCH /api/messages/8 HTTP/1.1" 200 365
::1 - - [28/May/2024:17:27:54 +0000] "POST /api/messages HTTP/1.1" 201 215
::1 - - [28/May/2024:17:27:55 +0000] "POST /api/query/qdranttextsearch HTTP/1.1" 200 26
::1 - - [28/May/2024:17:27:56 +0000] "POST /api/query/prompt HTTP/1.1" 200 49
::1 - - [28/May/2024:17:27:56 +0000] "PATCH /api/messages/9 HTTP/1.1" 200 236
::1 - - [28/May/2024:17:28:21 +0000] "POST /api/messages HTTP/1.1" 201 193
::1 - - [28/May/2024:17:28:22 +0000] "POST /api/query/qdranttextsearch HTTP/1.1" 200 26
::1 - - [28/May/2024:17:28:24 +0000] "POST /api/query/prompt HTTP/1.1" 200 146
::1 - - [28/May/2024:17:28:24 +0000] "PATCH /api/messages/10 HTTP/1.1" 200 311
